e:\users\boss\desktop\c++\step it\hm19\project1\project1\x64\debug\vc143.pdb
e:\users\boss\desktop\c++\step it\hm19\project1\project1\x64\debug\vc143.idb
e:\users\boss\desktop\c++\step it\hm19\project1\project1\x64\debug\human.obj
e:\users\boss\desktop\c++\step it\hm19\project1\project1\x64\debug\house.obj
e:\users\boss\desktop\c++\step it\hm19\project1\project1\x64\debug\flat.obj
e:\users\boss\desktop\c++\step it\hm19\project1\project1\x64\debug\source.obj
e:\users\boss\desktop\c++\step it\hm19\project1\x64\debug\project1.exe
e:\users\boss\desktop\c++\step it\hm19\project1\x64\debug\project1.pdb
e:\users\boss\desktop\c++\step it\hm19\project1\project1\x64\debug\project1.ilk
e:\users\boss\desktop\c++\step it\hm19\project1\project1\x64\debug\header.obj
e:\users\boss\desktop\c++\step it\hm19\project1\project1\x64\debug\source.obj.enc
e:\users\boss\desktop\c++\step it\hm19\project1\project1\x64\debug\project1.tlog\cl.command.1.tlog
e:\users\boss\desktop\c++\step it\hm19\project1\project1\x64\debug\project1.tlog\cl.items.tlog
e:\users\boss\desktop\c++\step it\hm19\project1\project1\x64\debug\project1.tlog\cl.read.1.tlog
e:\users\boss\desktop\c++\step it\hm19\project1\project1\x64\debug\project1.tlog\cl.write.1.tlog
e:\users\boss\desktop\c++\step it\hm19\project1\project1\x64\debug\project1.tlog\ib.ib.cl.write.1.tlog
e:\users\boss\desktop\c++\step it\hm19\project1\project1\x64\debug\project1.tlog\ib.ib.link.secondary.1.tlog
e:\users\boss\desktop\c++\step it\hm19\project1\project1\x64\debug\project1.tlog\ib.ib.link.write.1.tlog
e:\users\boss\desktop\c++\step it\hm19\project1\project1\x64\debug\project1.tlog\link.command.1.tlog
e:\users\boss\desktop\c++\step it\hm19\project1\project1\x64\debug\project1.tlog\link.read.1.tlog
e:\users\boss\desktop\c++\step it\hm19\project1\project1\x64\debug\project1.tlog\link.secondary.1.tlog
e:\users\boss\desktop\c++\step it\hm19\project1\project1\x64\debug\project1.tlog\link.write.1.tlog
